[debug] [2022-09-16T23:53:42.068Z] ----------------------------------------------------------------------
[debug] [2022-09-16T23:53:42.070Z] Command:       C:\Program Files\nodejs\node.exe C:\Users\nraug\AppData\Roaming\npm\node_modules\firebase-tools\lib\bin\firebase.js emulators:start
[debug] [2022-09-16T23:53:42.070Z] CLI Version:   11.8.1
[debug] [2022-09-16T23:53:42.070Z] Platform:      win32
[debug] [2022-09-16T23:53:42.070Z] Node Version:  v16.17.0
[debug] [2022-09-16T23:53:42.072Z] Time:          Fri Sep 16 2022 16:53:42 GMT-0700 (Pacific Daylight Time)
[debug] [2022-09-16T23:53:42.072Z] ----------------------------------------------------------------------
[debug] 
[debug] [2022-09-16T23:53:42.132Z] > command requires scopes: ["email","openid","https://www.googleapis.com/auth/cloudplatformprojects.readonly","https://www.googleapis.com/auth/firebase","https://www.googleapis.com/auth/cloud-platform"]
[debug] [2022-09-16T23:53:42.133Z] > authorizing via signed-in user (nraugnaagmouaa@gmail.com)
[info] i  emulators: Starting emulators: functions, hosting {"metadata":{"emulator":{"name":"hub"},"message":"Starting emulators: functions, hosting"}}
[warn] !  emulators: It seems that you are running multiple instances of the emulator suite for project clone-16516. This may result in unexpected behavior. 
[debug] [2022-09-16T23:53:42.149Z] [hub] writing locator at C:\Users\nraug\AppData\Local\Temp\hub-clone-16516.json
[warn] !  functions: The following emulators are not running, calls to these services from the Functions emulator will affect production: auth, firestore, database, pubsub, storage, eventarc {"metadata":{"emulator":{"name":"functions"},"message":"The following emulators are not running, calls to these services from the Functions emulator will affect production: \u001b[1mauth, firestore, database, pubsub, storage, eventarc\u001b[22m"}}
[warn] !  Your requested "node" version "10" doesn't match your global version "16". Using node@16 from host. {"metadata":{"emulator":{"name":"functions"},"message":"Your requested \"node\" version \"10\" doesn't match your global version \"16\". Using node@16 from host."}}
[debug] [2022-09-16T23:53:42.183Z] defaultcredentials: writing to file C:\Users\nraug\AppData\Roaming\firebase\nraugnaagmouaa_gmail_com_application_default_credentials.json
[debug] [2022-09-16T23:53:42.187Z] Setting GAC to C:\Users\nraug\AppData\Roaming\firebase\nraugnaagmouaa_gmail_com_application_default_credentials.json {"metadata":{"emulator":{"name":"functions"},"message":"Setting GAC to C:\\Users\\nraug\\AppData\\Roaming\\firebase\\nraugnaagmouaa_gmail_com_application_default_credentials.json"}}
[debug] [2022-09-16T23:53:42.188Z] > refreshing access token with scopes: []
[debug] [2022-09-16T23:53:42.190Z] >>> [apiv2][query] POST https://www.googleapis.com/oauth2/v3/token [none]
[debug] [2022-09-16T23:53:42.190Z] >>> [apiv2][body] POST https://www.googleapis.com/oauth2/v3/token [omitted]
[debug] [2022-09-16T23:53:42.302Z] <<< [apiv2][status] POST https://www.googleapis.com/oauth2/v3/token 200
[debug] [2022-09-16T23:53:42.303Z] <<< [apiv2][body] POST https://www.googleapis.com/oauth2/v3/token [omitted]
[debug] [2022-09-16T23:53:42.308Z] >>> [apiv2][query] GET https://firebase.googleapis.com/v1beta1/projects/clone-16516/adminSdkConfig [none]
[debug] [2022-09-16T23:53:42.520Z] <<< [apiv2][status] GET https://firebase.googleapis.com/v1beta1/projects/clone-16516/adminSdkConfig 200
[debug] [2022-09-16T23:53:42.520Z] <<< [apiv2][body] GET https://firebase.googleapis.com/v1beta1/projects/clone-16516/adminSdkConfig {"projectId":"clone-16516","storageBucket":"clone-16516.appspot.com"}
[debug] [2022-09-16T23:53:42.549Z] >>> [apiv2][query] GET https://firebasehosting.googleapis.com/v1beta1/projects/clone-16516/sites 
[debug] [2022-09-16T23:53:43.105Z] <<< [apiv2][status] GET https://firebasehosting.googleapis.com/v1beta1/projects/clone-16516/sites 200
[debug] [2022-09-16T23:53:43.105Z] <<< [apiv2][body] GET https://firebasehosting.googleapis.com/v1beta1/projects/clone-16516/sites {"sites":[{"name":"projects/clone-16516/sites/clone-16516","defaultUrl":"https://clone-16516.web.app","appId":"1:54703709196:web:108965acbb5ad9ab90e229","type":"DEFAULT_SITE"}]}
[debug] [2022-09-16T23:53:43.106Z] >>> [apiv2][query] GET https://firebase.googleapis.com/v1beta1/projects/clone-16516/webApps/1:54703709196:web:108965acbb5ad9ab90e229/config [none]
[debug] [2022-09-16T23:53:43.553Z] <<< [apiv2][status] GET https://firebase.googleapis.com/v1beta1/projects/clone-16516/webApps/1:54703709196:web:108965acbb5ad9ab90e229/config 200
[debug] [2022-09-16T23:53:43.553Z] <<< [apiv2][body] GET https://firebase.googleapis.com/v1beta1/projects/clone-16516/webApps/1:54703709196:web:108965acbb5ad9ab90e229/config {"projectId":"clone-16516","appId":"1:54703709196:web:108965acbb5ad9ab90e229","storageBucket":"clone-16516.appspot.com","apiKey":"AIzaSyDbFOZtFF0W5SWrA1fwphMLA8d9hTxcPGo","authDomain":"clone-16516.firebaseapp.com","messagingSenderId":"54703709196","measurementId":"G-YFLRB7M7EE"}
[info] i  hosting: Serving hosting files from: build {"metadata":{"emulator":{"name":"hosting"},"message":"Serving hosting files from: \u001b[1mbuild\u001b[22m"}}
[info] +  hosting: Local server: http://localhost:5000 {"metadata":{"emulator":{"name":"hosting"},"message":"Local server: \u001b[4m\u001b[1mhttp://localhost:5000\u001b[22m\u001b[24m"}}
[debug] [2022-09-16T23:53:43.592Z] Ignoring unsupported arg: auto_download {"metadata":{"emulator":{"name":"ui"},"message":"Ignoring unsupported arg: auto_download"}}
[debug] [2022-09-16T23:53:43.593Z] Ignoring unsupported arg: port {"metadata":{"emulator":{"name":"ui"},"message":"Ignoring unsupported arg: port"}}
[debug] [2022-09-16T23:53:43.593Z] Starting Emulator UI with command {"binary":"node","args":["C:\\Users\\nraug\\.cache\\firebase\\emulators\\ui-v1.9.0\\server\\server.js"],"optionalArgs":[],"joinArgs":false} {"metadata":{"emulator":{"name":"ui"},"message":"Starting Emulator UI with command {\"binary\":\"node\",\"args\":[\"C:\\\\Users\\\\nraug\\\\.cache\\\\firebase\\\\emulators\\\\ui-v1.9.0\\\\server\\\\server.js\"],\"optionalArgs\":[],\"joinArgs\":false}"}}
[info] i  ui: Emulator UI logging to ui-debug.log {"metadata":{"emulator":{"name":"ui"},"message":"Emulator UI logging to \u001b[1mui-debug.log\u001b[22m"}}
[debug] [2022-09-16T23:53:43.703Z] Web / API server started at localhost:4000
 {"metadata":{"emulator":{"name":"ui"},"message":"Web / API server started at localhost:4000\n"}}
[info] i  functions: Watching "C:\Users\nraug\Desktop\react-challenge-amazon-clone-master\functions" for Cloud Functions... {"metadata":{"emulator":{"name":"functions"},"message":"Watching \"C:\\Users\\nraug\\Desktop\\react-challenge-amazon-clone-master\\functions\" for Cloud Functions..."}}
[debug] [2022-09-16T23:53:43.858Z] Validating nodejs source
[debug] [2022-09-16T23:53:45.676Z] > [functions] package.json contents: {
  "name": "functions",
  "description": "Cloud Functions for Firebase",
  "scripts": {
    "lint": "eslint .",
    "serve": "firebase emulators:start --only functions",
    "shell": "firebase functions:shell",
    "start": "npm run shell",
    "deploy": "firebase deploy --only functions",
    "logs": "firebase functions:log"
  },
  "engines": {
    "node": "10"
  },
  "main": "index.js",
  "dependencies": {
    "cors": "^2.8.5",
    "express": "^4.18.1",
    "firebase-admin": "^11.0.1",
    "firebase-functions": "^3.6.1",
    "stripe": "^8.222.0"
  },
  "devDependencies": {
    "eslint": "^5.12.0",
    "eslint-plugin-promise": "^4.0.1",
    "firebase-functions-test": "^0.2.0"
  },
  "private": true
}
[debug] [2022-09-16T23:53:45.677Z] Building nodejs source
[debug] [2022-09-16T23:53:45.677Z] Analyzing nodejs backend spec
[debug] [2022-09-16T23:53:45.678Z] Could not find functions.yaml. Must use http discovery
[debug] [2022-09-16T23:53:45.841Z] Serving at port 9005

[debug] [2022-09-16T23:53:45.928Z] Got response from /__/functions.yaml {"endpoints":{"api":{"platform":"gcfv1","httpsTrigger":{},"entryPoint":"api"}},"specVersion":"v1alpha1","requiredAPIs":[]}
[debug] [2022-09-16T23:53:45.934Z] shutdown requested via /__/quitquitquit

[info] +  functions: Loaded functions definitions from source: api. {"metadata":{"emulator":{"name":"functions"},"message":"Loaded functions definitions from source: api."}}
[info] +  functions[us-central1-api]: http function initialized (http://localhost:5001/clone-16516/us-central1/api). {"metadata":{"emulator":{"name":"functions"},"message":"\u001b[1mhttp\u001b[22m function initialized (http://localhost:5001/clone-16516/us-central1/api)."}}
[info] 
┌─────────────────────────────────────────────────────────────┐
│ ✔  All emulators ready! It is now safe to connect your app. │
│ i  View Emulator UI at http://localhost:4000                │
└─────────────────────────────────────────────────────────────┘

┌───────────┬────────────────┬─────────────────────────────────┐
│ Emulator  │ Host:Port      │ View in Emulator UI             │
├───────────┼────────────────┼─────────────────────────────────┤
│ Functions │ localhost:5001 │ http://localhost:4000/functions │
├───────────┼────────────────┼─────────────────────────────────┤
│ Hosting   │ localhost:5000 │ n/a                             │
└───────────┴────────────────┴─────────────────────────────────┘
  Emulator Hub running at localhost:4400
  Other reserved ports: 4500

Issues? Report them at https://github.com/firebase/firebase-tools/issues and attach the *-debug.log files.
 
[debug] [2022-09-16T23:54:54.278Z] [work-queue] {"queueLength":1,"workRunningCount":0}
[debug] [2022-09-16T23:54:54.279Z] [work-queue] {"queueLength":0,"workRunningCount":1}
[debug] [2022-09-16T23:54:54.279Z] Accepted request POST /clone-16516/us-central1/api/payments/create?total=23900 --> us-central1-api
[debug] [2022-09-16T23:54:54.286Z] [worker-pool] addWorker(us-central1-api) {"metadata":{"emulator":{"name":"functions"},"message":"[worker-pool] addWorker(us-central1-api)"}}
[debug] [2022-09-16T23:54:54.286Z] [worker-pool] Adding worker with key us-central1-api, total=1 {"metadata":{"emulator":{"name":"functions"},"message":"[worker-pool] Adding worker with key us-central1-api, total=1"}}
[debug] [2022-09-16T23:54:54.286Z] [worker-pool] submitWork(triggerId=us-central1-api) {"metadata":{"emulator":{"name":"functions"},"message":"[worker-pool] submitWork(triggerId=us-central1-api)"}}
[debug] [2022-09-16T23:54:54.287Z] [worker-us-central1-api-2509d3c8-581a-47e6-b4ef-d4dee168ca86]: BUSY {"metadata":{"emulator":{"name":"functions"},"message":"[worker-us-central1-api-2509d3c8-581a-47e6-b4ef-d4dee168ca86]: BUSY"}}
[debug] [2022-09-16T23:54:55.140Z] [runtime-status] [18112] Resolved module firebase-admin {"declared":true,"installed":true,"version":"11.0.1","resolution":"C:\\Users\\nraug\\Desktop\\react-challenge-amazon-clone-master\\functions\\node_modules\\firebase-admin\\lib\\index.js"} {"metadata":{"emulator":{"name":"functions"},"function":{"name":"us-central1-api"},"extension":{},"message":"[runtime-status] [18112] Resolved module firebase-admin {\"declared\":true,\"installed\":true,\"version\":\"11.0.1\",\"resolution\":\"C:\\\\Users\\\\nraug\\\\Desktop\\\\react-challenge-amazon-clone-master\\\\functions\\\\node_modules\\\\firebase-admin\\\\lib\\\\index.js\"}"}}
[debug] [2022-09-16T23:54:55.141Z] [runtime-status] [18112] Resolved module firebase-functions {"declared":true,"installed":true,"version":"3.23.0","resolution":"C:\\Users\\nraug\\Desktop\\react-challenge-amazon-clone-master\\functions\\node_modules\\firebase-functions\\lib\\index.js"} {"metadata":{"emulator":{"name":"functions"},"function":{"name":"us-central1-api"},"extension":{},"message":"[runtime-status] [18112] Resolved module firebase-functions {\"declared\":true,\"installed\":true,\"version\":\"3.23.0\",\"resolution\":\"C:\\\\Users\\\\nraug\\\\Desktop\\\\react-challenge-amazon-clone-master\\\\functions\\\\node_modules\\\\firebase-functions\\\\lib\\\\index.js\"}"}}
[debug] [2022-09-16T23:54:55.141Z] [runtime-status] [18112] Outgoing network have been stubbed. [{"name":"http","status":"mocked"},{"name":"http","status":"mocked"},{"name":"https","status":"mocked"},{"name":"https","status":"mocked"},{"name":"net","status":"mocked"}] {"metadata":{"emulator":{"name":"functions"},"function":{"name":"us-central1-api"},"extension":{},"message":"[runtime-status] [18112] Outgoing network have been stubbed. [{\"name\":\"http\",\"status\":\"mocked\"},{\"name\":\"http\",\"status\":\"mocked\"},{\"name\":\"https\",\"status\":\"mocked\"},{\"name\":\"https\",\"status\":\"mocked\"},{\"name\":\"net\",\"status\":\"mocked\"}]"}}
[debug] [2022-09-16T23:54:55.142Z] [runtime-status] [18112] Resolved module firebase-functions {"declared":true,"installed":true,"version":"3.23.0","resolution":"C:\\Users\\nraug\\Desktop\\react-challenge-amazon-clone-master\\functions\\node_modules\\firebase-functions\\lib\\index.js"} {"metadata":{"emulator":{"name":"functions"},"function":{"name":"us-central1-api"},"extension":{},"message":"[runtime-status] [18112] Resolved module firebase-functions {\"declared\":true,\"installed\":true,\"version\":\"3.23.0\",\"resolution\":\"C:\\\\Users\\\\nraug\\\\Desktop\\\\react-challenge-amazon-clone-master\\\\functions\\\\node_modules\\\\firebase-functions\\\\lib\\\\index.js\"}"}}
[debug] [2022-09-16T23:54:55.175Z] [runtime-status] [18112] Checked functions.config() {"config":{}} {"metadata":{"emulator":{"name":"functions"},"function":{"name":"us-central1-api"},"extension":{},"message":"[runtime-status] [18112] Checked functions.config() {\"config\":{}}"}}
[debug] [2022-09-16T23:54:55.176Z] [runtime-status] [18112] firebase-functions has been stubbed. {"functionsResolution":{"declared":true,"installed":true,"version":"3.23.0","resolution":"C:\\Users\\nraug\\Desktop\\react-challenge-amazon-clone-master\\functions\\node_modules\\firebase-functions\\lib\\index.js"}} {"metadata":{"emulator":{"name":"functions"},"function":{"name":"us-central1-api"},"extension":{},"message":"[runtime-status] [18112] firebase-functions has been stubbed. {\"functionsResolution\":{\"declared\":true,\"installed\":true,\"version\":\"3.23.0\",\"resolution\":\"C:\\\\Users\\\\nraug\\\\Desktop\\\\react-challenge-amazon-clone-master\\\\functions\\\\node_modules\\\\firebase-functions\\\\lib\\\\index.js\"}}"}}
[debug] [2022-09-16T23:54:55.176Z] [runtime-status] [18112] Resolved module firebase-functions {"declared":true,"installed":true,"version":"3.23.0","resolution":"C:\\Users\\nraug\\Desktop\\react-challenge-amazon-clone-master\\functions\\node_modules\\firebase-functions\\lib\\index.js"} {"metadata":{"emulator":{"name":"functions"},"function":{"name":"us-central1-api"},"extension":{},"message":"[runtime-status] [18112] Resolved module firebase-functions {\"declared\":true,\"installed\":true,\"version\":\"3.23.0\",\"resolution\":\"C:\\\\Users\\\\nraug\\\\Desktop\\\\react-challenge-amazon-clone-master\\\\functions\\\\node_modules\\\\firebase-functions\\\\lib\\\\index.js\"}"}}
[debug] [2022-09-16T23:54:55.177Z] [runtime-status] [18112] Resolved module firebase-admin {"declared":true,"installed":true,"version":"11.0.1","resolution":"C:\\Users\\nraug\\Desktop\\react-challenge-amazon-clone-master\\functions\\node_modules\\firebase-admin\\lib\\index.js"} {"metadata":{"emulator":{"name":"functions"},"function":{"name":"us-central1-api"},"extension":{},"message":"[runtime-status] [18112] Resolved module firebase-admin {\"declared\":true,\"installed\":true,\"version\":\"11.0.1\",\"resolution\":\"C:\\\\Users\\\\nraug\\\\Desktop\\\\react-challenge-amazon-clone-master\\\\functions\\\\node_modules\\\\firebase-admin\\\\lib\\\\index.js\"}"}}
[debug] [2022-09-16T23:54:55.178Z] [runtime-status] [18112] Resolved module firebase-functions {"declared":true,"installed":true,"version":"3.23.0","resolution":"C:\\Users\\nraug\\Desktop\\react-challenge-amazon-clone-master\\functions\\node_modules\\firebase-functions\\lib\\index.js"} {"metadata":{"emulator":{"name":"functions"},"function":{"name":"us-central1-api"},"extension":{},"message":"[runtime-status] [18112] Resolved module firebase-functions {\"declared\":true,\"installed\":true,\"version\":\"3.23.0\",\"resolution\":\"C:\\\\Users\\\\nraug\\\\Desktop\\\\react-challenge-amazon-clone-master\\\\functions\\\\node_modules\\\\firebase-functions\\\\lib\\\\index.js\"}"}}
[debug] [2022-09-16T23:54:55.178Z] [runtime-status] [18112] firebase-admin has been stubbed. {"adminResolution":{"declared":true,"installed":true,"version":"11.0.1","resolution":"C:\\Users\\nraug\\Desktop\\react-challenge-amazon-clone-master\\functions\\node_modules\\firebase-admin\\lib\\index.js"}} {"metadata":{"emulator":{"name":"functions"},"function":{"name":"us-central1-api"},"extension":{},"message":"[runtime-status] [18112] firebase-admin has been stubbed. {\"adminResolution\":{\"declared\":true,\"installed\":true,\"version\":\"11.0.1\",\"resolution\":\"C:\\\\Users\\\\nraug\\\\Desktop\\\\react-challenge-amazon-clone-master\\\\functions\\\\node_modules\\\\firebase-admin\\\\lib\\\\index.js\"}}"}}
[debug] [2022-09-16T23:54:55.178Z] [runtime-status] [18112] Functions runtime initialized. {"cwd":"C:\\Users\\nraug\\Desktop\\react-challenge-amazon-clone-master\\functions","node_version":"16.17.0"} {"metadata":{"emulator":{"name":"functions"},"function":{"name":"us-central1-api"},"extension":{},"message":"[runtime-status] [18112] Functions runtime initialized. {\"cwd\":\"C:\\\\Users\\\\nraug\\\\Desktop\\\\react-challenge-amazon-clone-master\\\\functions\",\"node_version\":\"16.17.0\"}"}}
[debug] [2022-09-16T23:54:55.296Z] [runtime-status] [18112] Beginning invocation function api! {"metadata":{"emulator":{"name":"functions"},"function":{"name":"us-central1-api"},"extension":{},"message":"[runtime-status] [18112] Beginning invocation function api!"}}
[info] i  functions: Beginning execution of "api" {"metadata":{"emulator":{"name":"functions"},"function":{"name":"us-central1-api"},"extension":{},"message":"Beginning execution of \"api\""}}
[debug] [2022-09-16T23:54:55.297Z] [runtime-status] [18112] Running api in signature http {"metadata":{"emulator":{"name":"functions"},"function":{"name":"us-central1-api"},"extension":{},"message":"[runtime-status] [18112] Running api in signature http"}}
[debug] [2022-09-16T23:54:55.301Z] [runtime-status] [18112] Listening to port: \\?\pipe\fire_emu_ab89b5e0e1a48bcf {"metadata":{"emulator":{"name":"functions"},"function":{"name":"us-central1-api"},"extension":{},"message":"[runtime-status] [18112] Listening to port: \\\\?\\pipe\\fire_emu_ab89b5e0e1a48bcf"}}
[debug] [2022-09-16T23:54:55.397Z] [functions] Runtime ready! Sending request! {"metadata":{"emulator":{"name":"functions"},"message":"[functions] Runtime ready! Sending request!"}}
[debug] [2022-09-16T23:54:55.398Z] [functions] Got req.url=/clone-16516/us-central1/api/payments/create?total=23900, mapping to path=/payments/create?total=23900 {"metadata":{"emulator":{"name":"functions"},"message":"[functions] Got req.url=/clone-16516/us-central1/api/payments/create?total=23900, mapping to path=/payments/create?total=23900"}}
[debug] [2022-09-16T23:54:55.400Z] [runtime-status] [18112] Ephemeral server handling POST request {"metadata":{"emulator":{"name":"functions"},"function":{"name":"us-central1-api"},"extension":{},"message":"[runtime-status] [18112] Ephemeral server handling POST request"}}
[info] >  Payment Request Recieved BOOM!!! for this amount >>>  23900 {"user":"Payment Request Recieved BOOM!!! for this amount >>>  23900","metadata":{"emulator":{"name":"functions"},"function":{"name":"us-central1-api"},"extension":{},"message":"\u001b[90m> \u001b[39m Payment Request Recieved BOOM!!! for this amount >>>  23900"}}
[debug] [2022-09-16T23:54:55.408Z] [runtime-status] [18112] Ephemeral server survived. {"metadata":{"emulator":{"name":"functions"},"function":{"name":"us-central1-api"},"extension":{},"message":"[runtime-status] [18112] Ephemeral server survived."}}
[info] i  functions: Finished "api" in ~1s {"metadata":{"emulator":{"name":"functions"},"function":{"name":"us-central1-api"},"extension":{},"message":"Finished \"api\" in ~1s"}}
[debug] [2022-09-16T23:54:55.802Z] [worker-us-central1-api-2509d3c8-581a-47e6-b4ef-d4dee168ca86]: IDLE {"metadata":{"emulator":{"name":"functions"},"message":"[worker-us-central1-api-2509d3c8-581a-47e6-b4ef-d4dee168ca86]: IDLE"}}
[debug] [2022-09-16T23:54:55.802Z] [work-queue] {"queueLength":0,"workRunningCount":0}
[debug] [2022-09-16T23:54:55.956Z] [work-queue] {"queueLength":1,"workRunningCount":0}
[debug] [2022-09-16T23:54:55.956Z] [work-queue] {"queueLength":0,"workRunningCount":1}
[debug] [2022-09-16T23:54:55.956Z] Accepted request POST /clone-16516/us-central1/api/payments/create?total=23900 --> us-central1-api
[debug] [2022-09-16T23:54:55.956Z] [worker-pool] submitWork(triggerId=us-central1-api) {"metadata":{"emulator":{"name":"functions"},"message":"[worker-pool] submitWork(triggerId=us-central1-api)"}}
[debug] [2022-09-16T23:54:55.956Z] [worker-us-central1-api-2509d3c8-581a-47e6-b4ef-d4dee168ca86]: BUSY {"metadata":{"emulator":{"name":"functions"},"message":"[worker-us-central1-api-2509d3c8-581a-47e6-b4ef-d4dee168ca86]: BUSY"}}
[debug] [2022-09-16T23:54:55.957Z] [runtime-status] [18112] Beginning invocation function api! {"metadata":{"emulator":{"name":"functions"},"function":{"name":"us-central1-api"},"extension":{},"message":"[runtime-status] [18112] Beginning invocation function api!"}}
[info] i  functions: Beginning execution of "api" {"metadata":{"emulator":{"name":"functions"},"function":{"name":"us-central1-api"},"extension":{},"message":"Beginning execution of \"api\""}}
[debug] [2022-09-16T23:54:55.957Z] [runtime-status] [18112] Running api in signature http {"metadata":{"emulator":{"name":"functions"},"function":{"name":"us-central1-api"},"extension":{},"message":"[runtime-status] [18112] Running api in signature http"}}
[debug] [2022-09-16T23:54:55.957Z] [runtime-status] [18112] Listening to port: \\?\pipe\fire_emu_ab89b5e0e1a48bcf {"metadata":{"emulator":{"name":"functions"},"function":{"name":"us-central1-api"},"extension":{},"message":"[runtime-status] [18112] Listening to port: \\\\?\\pipe\\fire_emu_ab89b5e0e1a48bcf"}}
[debug] [2022-09-16T23:54:56.066Z] [functions] Runtime ready! Sending request! {"metadata":{"emulator":{"name":"functions"},"message":"[functions] Runtime ready! Sending request!"}}
[debug] [2022-09-16T23:54:56.067Z] [functions] Got req.url=/clone-16516/us-central1/api/payments/create?total=23900, mapping to path=/payments/create?total=23900 {"metadata":{"emulator":{"name":"functions"},"message":"[functions] Got req.url=/clone-16516/us-central1/api/payments/create?total=23900, mapping to path=/payments/create?total=23900"}}
[debug] [2022-09-16T23:54:56.068Z] [runtime-status] [18112] Ephemeral server handling POST request {"metadata":{"emulator":{"name":"functions"},"function":{"name":"us-central1-api"},"extension":{},"message":"[runtime-status] [18112] Ephemeral server handling POST request"}}
[info] >  Payment Request Recieved BOOM!!! for this amount >>>  23900 {"user":"Payment Request Recieved BOOM!!! for this amount >>>  23900","metadata":{"emulator":{"name":"functions"},"function":{"name":"us-central1-api"},"extension":{},"message":"\u001b[90m> \u001b[39m Payment Request Recieved BOOM!!! for this amount >>>  23900"}}
[debug] [2022-09-16T23:54:56.068Z] [runtime-status] [18112] Ephemeral server survived. {"metadata":{"emulator":{"name":"functions"},"function":{"name":"us-central1-api"},"extension":{},"message":"[runtime-status] [18112] Ephemeral server survived."}}
[info] i  functions: Finished "api" in ~1s {"metadata":{"emulator":{"name":"functions"},"function":{"name":"us-central1-api"},"extension":{},"message":"Finished \"api\" in ~1s"}}
[debug] [2022-09-16T23:54:56.278Z] [worker-us-central1-api-2509d3c8-581a-47e6-b4ef-d4dee168ca86]: IDLE {"metadata":{"emulator":{"name":"functions"},"message":"[worker-us-central1-api-2509d3c8-581a-47e6-b4ef-d4dee168ca86]: IDLE"}}
[debug] [2022-09-16T23:54:56.278Z] [work-queue] {"queueLength":0,"workRunningCount":0}
[debug] [2022-09-17T00:01:38.809Z] File C:\Users\nraug\Desktop\react-challenge-amazon-clone-master\functions\index.js changed, reloading triggers {"metadata":{"emulator":{"name":"functions"},"message":"File C:\\Users\\nraug\\Desktop\\react-challenge-amazon-clone-master\\functions\\index.js changed, reloading triggers"}}
[debug] [2022-09-17T00:01:39.812Z] Validating nodejs source
[debug] [2022-09-17T00:01:41.685Z] > [functions] package.json contents: {
  "name": "functions",
  "description": "Cloud Functions for Firebase",
  "scripts": {
    "lint": "eslint .",
    "serve": "firebase emulators:start --only functions",
    "shell": "firebase functions:shell",
    "start": "npm run shell",
    "deploy": "firebase deploy --only functions",
    "logs": "firebase functions:log"
  },
  "engines": {
    "node": "10"
  },
  "main": "index.js",
  "dependencies": {
    "cors": "^2.8.5",
    "express": "^4.18.1",
    "firebase-admin": "^11.0.1",
    "firebase-functions": "^3.6.1",
    "stripe": "^8.222.0"
  },
  "devDependencies": {
    "eslint": "^5.12.0",
    "eslint-plugin-promise": "^4.0.1",
    "firebase-functions-test": "^0.2.0"
  },
  "private": true
}
[debug] [2022-09-17T00:01:41.686Z] Building nodejs source
[debug] [2022-09-17T00:01:41.686Z] Analyzing nodejs backend spec
[debug] [2022-09-17T00:01:41.686Z] Could not find functions.yaml. Must use http discovery
[debug] [2022-09-17T00:01:41.847Z] Serving at port 9005

[debug] [2022-09-17T00:01:41.937Z] Got response from /__/functions.yaml {"endpoints":{"api":{"platform":"gcfv1","httpsTrigger":{},"entryPoint":"api"}},"specVersion":"v1alpha1","requiredAPIs":[]}
[debug] [2022-09-17T00:01:41.941Z] shutdown requested via /__/quitquitquit

[info] +  functions: Loaded functions definitions from source: api. {"metadata":{"emulator":{"name":"functions"},"message":"Loaded functions definitions from source: api."}}
[debug] [2022-09-17T00:01:41.950Z] [worker-pool] Shutting down IDLE worker (us-central1-api) {"metadata":{"emulator":{"name":"functions"},"message":"[worker-pool] Shutting down IDLE worker (us-central1-api)"}}
[debug] [2022-09-17T00:01:41.950Z] [worker-us-central1-api-2509d3c8-581a-47e6-b4ef-d4dee168ca86]: FINISHING {"metadata":{"emulator":{"name":"functions"},"message":"[worker-us-central1-api-2509d3c8-581a-47e6-b4ef-d4dee168ca86]: FINISHING"}}
[debug] [2022-09-17T00:01:41.956Z] [worker-us-central1-api-2509d3c8-581a-47e6-b4ef-d4dee168ca86]: exited {"metadata":{"emulator":{"name":"functions"},"message":"[worker-us-central1-api-2509d3c8-581a-47e6-b4ef-d4dee168ca86]: exited"}}
[debug] [2022-09-17T00:01:41.956Z] [worker-us-central1-api-2509d3c8-581a-47e6-b4ef-d4dee168ca86]: FINISHED {"metadata":{"emulator":{"name":"functions"},"message":"[worker-us-central1-api-2509d3c8-581a-47e6-b4ef-d4dee168ca86]: FINISHED"}}
[debug] [2022-09-17T00:11:09.930Z] [work-queue] {"queueLength":1,"workRunningCount":0}
[debug] [2022-09-17T00:11:09.930Z] [work-queue] {"queueLength":0,"workRunningCount":1}
[debug] [2022-09-17T00:11:09.930Z] Accepted request POST /clone-16516/us-central1/api/payments/create?total=23900 --> us-central1-api
[debug] [2022-09-17T00:11:09.930Z] [worker-pool] Cleaned up workers for us-central1-api: 1 --> 0 {"metadata":{"emulator":{"name":"functions"},"message":"[worker-pool] Cleaned up workers for us-central1-api: 1 --> 0"}}
[debug] [2022-09-17T00:11:09.935Z] [worker-pool] addWorker(us-central1-api) {"metadata":{"emulator":{"name":"functions"},"message":"[worker-pool] addWorker(us-central1-api)"}}
[debug] [2022-09-17T00:11:09.935Z] [worker-pool] Adding worker with key us-central1-api, total=1 {"metadata":{"emulator":{"name":"functions"},"message":"[worker-pool] Adding worker with key us-central1-api, total=1"}}
[debug] [2022-09-17T00:11:09.935Z] [worker-pool] submitWork(triggerId=us-central1-api) {"metadata":{"emulator":{"name":"functions"},"message":"[worker-pool] submitWork(triggerId=us-central1-api)"}}
[debug] [2022-09-17T00:11:09.935Z] [worker-us-central1-api-e0d422f6-dd3e-429f-89c2-5f9830f0eb2e]: BUSY {"metadata":{"emulator":{"name":"functions"},"message":"[worker-us-central1-api-e0d422f6-dd3e-429f-89c2-5f9830f0eb2e]: BUSY"}}
[debug] [2022-09-17T00:11:10.804Z] [runtime-status] [17136] Resolved module firebase-admin {"declared":true,"installed":true,"version":"11.0.1","resolution":"C:\\Users\\nraug\\Desktop\\react-challenge-amazon-clone-master\\functions\\node_modules\\firebase-admin\\lib\\index.js"} {"metadata":{"emulator":{"name":"functions"},"function":{"name":"us-central1-api"},"extension":{},"message":"[runtime-status] [17136] Resolved module firebase-admin {\"declared\":true,\"installed\":true,\"version\":\"11.0.1\",\"resolution\":\"C:\\\\Users\\\\nraug\\\\Desktop\\\\react-challenge-amazon-clone-master\\\\functions\\\\node_modules\\\\firebase-admin\\\\lib\\\\index.js\"}"}}
[debug] [2022-09-17T00:11:10.805Z] [runtime-status] [17136] Resolved module firebase-functions {"declared":true,"installed":true,"version":"3.23.0","resolution":"C:\\Users\\nraug\\Desktop\\react-challenge-amazon-clone-master\\functions\\node_modules\\firebase-functions\\lib\\index.js"} {"metadata":{"emulator":{"name":"functions"},"function":{"name":"us-central1-api"},"extension":{},"message":"[runtime-status] [17136] Resolved module firebase-functions {\"declared\":true,\"installed\":true,\"version\":\"3.23.0\",\"resolution\":\"C:\\\\Users\\\\nraug\\\\Desktop\\\\react-challenge-amazon-clone-master\\\\functions\\\\node_modules\\\\firebase-functions\\\\lib\\\\index.js\"}"}}
[debug] [2022-09-17T00:11:10.805Z] [runtime-status] [17136] Outgoing network have been stubbed. [{"name":"http","status":"mocked"},{"name":"http","status":"mocked"},{"name":"https","status":"mocked"},{"name":"https","status":"mocked"},{"name":"net","status":"mocked"}] {"metadata":{"emulator":{"name":"functions"},"function":{"name":"us-central1-api"},"extension":{},"message":"[runtime-status] [17136] Outgoing network have been stubbed. [{\"name\":\"http\",\"status\":\"mocked\"},{\"name\":\"http\",\"status\":\"mocked\"},{\"name\":\"https\",\"status\":\"mocked\"},{\"name\":\"https\",\"status\":\"mocked\"},{\"name\":\"net\",\"status\":\"mocked\"}]"}}
[debug] [2022-09-17T00:11:10.806Z] [runtime-status] [17136] Resolved module firebase-functions {"declared":true,"installed":true,"version":"3.23.0","resolution":"C:\\Users\\nraug\\Desktop\\react-challenge-amazon-clone-master\\functions\\node_modules\\firebase-functions\\lib\\index.js"} {"metadata":{"emulator":{"name":"functions"},"function":{"name":"us-central1-api"},"extension":{},"message":"[runtime-status] [17136] Resolved module firebase-functions {\"declared\":true,\"installed\":true,\"version\":\"3.23.0\",\"resolution\":\"C:\\\\Users\\\\nraug\\\\Desktop\\\\react-challenge-amazon-clone-master\\\\functions\\\\node_modules\\\\firebase-functions\\\\lib\\\\index.js\"}"}}
[debug] [2022-09-17T00:11:10.840Z] [runtime-status] [17136] Checked functions.config() {"config":{}} {"metadata":{"emulator":{"name":"functions"},"function":{"name":"us-central1-api"},"extension":{},"message":"[runtime-status] [17136] Checked functions.config() {\"config\":{}}"}}
[debug] [2022-09-17T00:11:10.840Z] [runtime-status] [17136] firebase-functions has been stubbed. {"functionsResolution":{"declared":true,"installed":true,"version":"3.23.0","resolution":"C:\\Users\\nraug\\Desktop\\react-challenge-amazon-clone-master\\functions\\node_modules\\firebase-functions\\lib\\index.js"}} {"metadata":{"emulator":{"name":"functions"},"function":{"name":"us-central1-api"},"extension":{},"message":"[runtime-status] [17136] firebase-functions has been stubbed. {\"functionsResolution\":{\"declared\":true,\"installed\":true,\"version\":\"3.23.0\",\"resolution\":\"C:\\\\Users\\\\nraug\\\\Desktop\\\\react-challenge-amazon-clone-master\\\\functions\\\\node_modules\\\\firebase-functions\\\\lib\\\\index.js\"}}"}}
[debug] [2022-09-17T00:11:10.841Z] [runtime-status] [17136] Resolved module firebase-functions {"declared":true,"installed":true,"version":"3.23.0","resolution":"C:\\Users\\nraug\\Desktop\\react-challenge-amazon-clone-master\\functions\\node_modules\\firebase-functions\\lib\\index.js"} {"metadata":{"emulator":{"name":"functions"},"function":{"name":"us-central1-api"},"extension":{},"message":"[runtime-status] [17136] Resolved module firebase-functions {\"declared\":true,\"installed\":true,\"version\":\"3.23.0\",\"resolution\":\"C:\\\\Users\\\\nraug\\\\Desktop\\\\react-challenge-amazon-clone-master\\\\functions\\\\node_modules\\\\firebase-functions\\\\lib\\\\index.js\"}"}}
[debug] [2022-09-17T00:11:10.842Z] [runtime-status] [17136] Resolved module firebase-admin {"declared":true,"installed":true,"version":"11.0.1","resolution":"C:\\Users\\nraug\\Desktop\\react-challenge-amazon-clone-master\\functions\\node_modules\\firebase-admin\\lib\\index.js"} {"metadata":{"emulator":{"name":"functions"},"function":{"name":"us-central1-api"},"extension":{},"message":"[runtime-status] [17136] Resolved module firebase-admin {\"declared\":true,\"installed\":true,\"version\":\"11.0.1\",\"resolution\":\"C:\\\\Users\\\\nraug\\\\Desktop\\\\react-challenge-amazon-clone-master\\\\functions\\\\node_modules\\\\firebase-admin\\\\lib\\\\index.js\"}"}}
[debug] [2022-09-17T00:11:10.842Z] [runtime-status] [17136] Resolved module firebase-functions {"declared":true,"installed":true,"version":"3.23.0","resolution":"C:\\Users\\nraug\\Desktop\\react-challenge-amazon-clone-master\\functions\\node_modules\\firebase-functions\\lib\\index.js"} {"metadata":{"emulator":{"name":"functions"},"function":{"name":"us-central1-api"},"extension":{},"message":"[runtime-status] [17136] Resolved module firebase-functions {\"declared\":true,\"installed\":true,\"version\":\"3.23.0\",\"resolution\":\"C:\\\\Users\\\\nraug\\\\Desktop\\\\react-challenge-amazon-clone-master\\\\functions\\\\node_modules\\\\firebase-functions\\\\lib\\\\index.js\"}"}}
[debug] [2022-09-17T00:11:10.842Z] [runtime-status] [17136] firebase-admin has been stubbed. {"adminResolution":{"declared":true,"installed":true,"version":"11.0.1","resolution":"C:\\Users\\nraug\\Desktop\\react-challenge-amazon-clone-master\\functions\\node_modules\\firebase-admin\\lib\\index.js"}} {"metadata":{"emulator":{"name":"functions"},"function":{"name":"us-central1-api"},"extension":{},"message":"[runtime-status] [17136] firebase-admin has been stubbed. {\"adminResolution\":{\"declared\":true,\"installed\":true,\"version\":\"11.0.1\",\"resolution\":\"C:\\\\Users\\\\nraug\\\\Desktop\\\\react-challenge-amazon-clone-master\\\\functions\\\\node_modules\\\\firebase-admin\\\\lib\\\\index.js\"}}"}}
[debug] [2022-09-17T00:11:10.843Z] [runtime-status] [17136] Functions runtime initialized. {"cwd":"C:\\Users\\nraug\\Desktop\\react-challenge-amazon-clone-master\\functions","node_version":"16.17.0"} {"metadata":{"emulator":{"name":"functions"},"function":{"name":"us-central1-api"},"extension":{},"message":"[runtime-status] [17136] Functions runtime initialized. {\"cwd\":\"C:\\\\Users\\\\nraug\\\\Desktop\\\\react-challenge-amazon-clone-master\\\\functions\",\"node_version\":\"16.17.0\"}"}}
[debug] [2022-09-17T00:11:10.957Z] [runtime-status] [17136] Beginning invocation function api! {"metadata":{"emulator":{"name":"functions"},"function":{"name":"us-central1-api"},"extension":{},"message":"[runtime-status] [17136] Beginning invocation function api!"}}
[info] i  functions: Beginning execution of "api" {"metadata":{"emulator":{"name":"functions"},"function":{"name":"us-central1-api"},"extension":{},"message":"Beginning execution of \"api\""}}
[debug] [2022-09-17T00:11:10.958Z] [runtime-status] [17136] Running api in signature http {"metadata":{"emulator":{"name":"functions"},"function":{"name":"us-central1-api"},"extension":{},"message":"[runtime-status] [17136] Running api in signature http"}}
[debug] [2022-09-17T00:11:10.961Z] [runtime-status] [17136] Listening to port: \\?\pipe\fire_emu_95aa98e915558666 {"metadata":{"emulator":{"name":"functions"},"function":{"name":"us-central1-api"},"extension":{},"message":"[runtime-status] [17136] Listening to port: \\\\?\\pipe\\fire_emu_95aa98e915558666"}}
[debug] [2022-09-17T00:11:11.038Z] [functions] Runtime ready! Sending request! {"metadata":{"emulator":{"name":"functions"},"message":"[functions] Runtime ready! Sending request!"}}
[debug] [2022-09-17T00:11:11.038Z] [functions] Got req.url=/clone-16516/us-central1/api/payments/create?total=23900, mapping to path=/payments/create?total=23900 {"metadata":{"emulator":{"name":"functions"},"message":"[functions] Got req.url=/clone-16516/us-central1/api/payments/create?total=23900, mapping to path=/payments/create?total=23900"}}
[debug] [2022-09-17T00:11:11.041Z] [runtime-status] [17136] Ephemeral server handling POST request {"metadata":{"emulator":{"name":"functions"},"function":{"name":"us-central1-api"},"extension":{},"message":"[runtime-status] [17136] Ephemeral server handling POST request"}}
[info] >  Payment Request Recieved BOOM!!! for this amount >>>  23900 {"user":"Payment Request Recieved BOOM!!! for this amount >>>  23900","metadata":{"emulator":{"name":"functions"},"function":{"name":"us-central1-api"},"extension":{},"message":"\u001b[90m> \u001b[39m Payment Request Recieved BOOM!!! for this amount >>>  23900"}}
[debug] [2022-09-17T00:11:11.049Z] [runtime-status] [17136] Ephemeral server survived. {"metadata":{"emulator":{"name":"functions"},"function":{"name":"us-central1-api"},"extension":{},"message":"[runtime-status] [17136] Ephemeral server survived."}}
[info] i  functions: Finished "api" in ~1s {"metadata":{"emulator":{"name":"functions"},"function":{"name":"us-central1-api"},"extension":{},"message":"Finished \"api\" in ~1s"}}
[debug] [2022-09-17T00:11:11.384Z] [worker-us-central1-api-e0d422f6-dd3e-429f-89c2-5f9830f0eb2e]: IDLE {"metadata":{"emulator":{"name":"functions"},"message":"[worker-us-central1-api-e0d422f6-dd3e-429f-89c2-5f9830f0eb2e]: IDLE"}}
[debug] [2022-09-17T00:11:11.384Z] [work-queue] {"queueLength":0,"workRunningCount":0}
[debug] [2022-09-21T23:09:28.023Z] ----------------------------------------------------------------------
[debug] [2022-09-21T23:09:28.025Z] Command:       C:\Program Files\nodejs\node.exe C:\Users\nraug\AppData\Roaming\npm\node_modules\firebase-tools\lib\bin\firebase.js functions:shell
[debug] [2022-09-21T23:09:28.025Z] CLI Version:   11.9.0
[debug] [2022-09-21T23:09:28.025Z] Platform:      win32
[debug] [2022-09-21T23:09:28.026Z] Node Version:  v16.17.0
[debug] [2022-09-21T23:09:28.026Z] Time:          Wed Sep 21 2022 16:09:28 GMT-0700 (Pacific Daylight Time)
[debug] [2022-09-21T23:09:28.026Z] ----------------------------------------------------------------------
[debug] 
[debug] [2022-09-21T23:09:28.073Z] > command requires scopes: ["email","openid","https://www.googleapis.com/auth/cloudplatformprojects.readonly","https://www.googleapis.com/auth/firebase","https://www.googleapis.com/auth/cloud-platform"]
[debug] [2022-09-21T23:09:28.073Z] > authorizing via signed-in user (nraugnaagmouaa@gmail.com)
[debug] [2022-09-21T23:09:28.074Z] [iam] checking project clone-16516 for permissions ["firebase.projects.get"]
[debug] [2022-09-21T23:09:28.075Z] >>> [apiv2][query] POST https://cloudresourcemanager.googleapis.com/v1/projects/clone-16516:testIamPermissions [none]
[debug] [2022-09-21T23:09:28.075Z] >>> [apiv2][(partial)header] POST https://cloudresourcemanager.googleapis.com/v1/projects/clone-16516:testIamPermissions x-goog-quota-user=projects/clone-16516
[debug] [2022-09-21T23:09:28.076Z] >>> [apiv2][body] POST https://cloudresourcemanager.googleapis.com/v1/projects/clone-16516:testIamPermissions {"permissions":["firebase.projects.get"]}
[debug] [2022-09-21T23:09:28.231Z] <<< [apiv2][status] POST https://cloudresourcemanager.googleapis.com/v1/projects/clone-16516:testIamPermissions 200
[debug] [2022-09-21T23:09:28.231Z] <<< [apiv2][body] POST https://cloudresourcemanager.googleapis.com/v1/projects/clone-16516:testIamPermissions {"permissions":["firebase.projects.get"]}
[debug] [2022-09-21T23:09:28.233Z] Found locator with mismatched version, ignoring: {"version":"11.8.1","host":"localhost","port":4400}
[warn] !  Your requested "node" version "10" doesn't match your global version "16". Using node@16 from host. {"metadata":{"emulator":{"name":"functions"},"message":"Your requested \"node\" version \"10\" doesn't match your global version \"16\". Using node@16 from host."}}
[debug] [2022-09-21T23:09:28.264Z] defaultcredentials: writing to file C:\Users\nraug\AppData\Roaming\firebase\nraugnaagmouaa_gmail_com_application_default_credentials.json
[debug] [2022-09-21T23:09:28.265Z] DEBUG: Setting GAC to C:\Users\nraug\AppData\Roaming\firebase\nraugnaagmouaa_gmail_com_application_default_credentials.json
[debug] [2022-09-21T23:09:28.265Z] >>> [apiv2][query] GET https://firebase.googleapis.com/v1beta1/projects/clone-16516/adminSdkConfig [none]
[debug] [2022-09-21T23:09:28.512Z] <<< [apiv2][status] GET https://firebase.googleapis.com/v1beta1/projects/clone-16516/adminSdkConfig 200
[debug] [2022-09-21T23:09:28.512Z] <<< [apiv2][body] GET https://firebase.googleapis.com/v1beta1/projects/clone-16516/adminSdkConfig {"projectId":"clone-16516","storageBucket":"clone-16516.appspot.com"}
[debug] [2022-09-21T23:09:28.520Z] [functions] Watching "C:\Users\nraug\Desktop\amazonclone-master\functions" for Cloud Functions...
[debug] [2022-09-21T23:09:28.524Z] Validating nodejs source
[warn] !  functions: package.json indicates an outdated version of firebase-functions. Please upgrade using npm install --save firebase-functions@latest in your functions directory. 
[debug] [2022-09-21T23:09:30.376Z] > [functions] package.json contents: {
  "name": "functions",
  "description": "Cloud Functions for Firebase",
  "scripts": {
    "lint": "eslint .",
    "serve": "firebase emulators:start --only functions",
    "shell": "firebase functions:shell",
    "start": "npm run shell",
    "deploy": "firebase deploy --only functions",
    "logs": "firebase functions:log"
  },
  "engines": {
    "node": "10"
  },
  "main": "index.js",
  "dependencies": {
    "cors": "^2.8.5",
    "express": "^4.18.1",
    "firebase-admin": "^11.0.1",
    "firebase-functions": "^3.6.1",
    "stripe": "^8.222.0"
  },
  "devDependencies": {
    "eslint": "^5.12.0",
    "eslint-plugin-promise": "^4.0.1",
    "firebase-functions-test": "^0.2.0"
  },
  "private": true
}
[debug] [2022-09-21T23:09:30.376Z] Building nodejs source
[debug] [2022-09-21T23:09:30.376Z] Analyzing nodejs backend spec
[debug] [2022-09-21T23:09:30.377Z] Could not find functions.yaml. Must use http discovery
[debug] [2022-09-21T23:09:30.554Z] Serving at port 9005

[debug] [2022-09-21T23:09:30.642Z] Got response from /__/functions.yaml {"endpoints":{"api":{"platform":"gcfv1","httpsTrigger":{},"entryPoint":"api"}},"specVersion":"v1alpha1","requiredAPIs":[]}
[debug] [2022-09-21T23:09:30.648Z] shutdown requested via /__/quitquitquit

[debug] [2022-09-21T23:09:30.655Z] [functions] Loaded functions definitions from source: api.
[debug] [2022-09-21T23:09:30.656Z] [functions[us-central1-api]] http function initialized (http://localhost:5000/clone-16516/us-central1/api).
[info] i  functions: Loaded functions: api 
[warn] !  functions: The following emulators are not running, calls to these services will affect production: firestore, database, pubsub, storage, eventarc 
